INFO:     Started server process [29080]
INFO:     Waiting for application startup.
2026-06-17 03:26:20,221 INFO satori.devices: DeviceManager: chế độ MOCK
2026-06-17 03:26:20,221 INFO satori.iobox: [MOCK IO-Box] connected
2026-06-17 03:26:20,221 INFO satori.laser: [MOCK Laser] connected
2026-06-17 03:26:20,221 INFO satori: SATORI v2 đã khởi động.
2026-06-17 03:26:20,222 INFO satori.scanner: MockScanner 'mock-1' sẵn sàng (chờ inject_scan).
INFO:     Application startup complete.
INFO:     Uvicorn running on http://127.0.0.1:8000 (Press CTRL+C to quit)
INFO:     127.0.0.1:58145 - "WebSocket /ws" [accepted]
INFO:     connection open
2026-06-17 03:31:17,745 INFO satori.laser: [MOCK Laser] In mã: 26061600001
2026-06-17 03:31:20,469 INFO satori.laser: [MOCK Laser] In mã: 26061600002
2026-06-17 03:31:21,249 INFO satori.laser: [MOCK Laser] In mã: 26061600003
2026-06-17 03:31:21,463 INFO satori.laser: [MOCK Laser] In mã: 26061600004
2026-06-17 03:31:21,669 INFO satori.laser: [MOCK Laser] In mã: 26061600005
2026-06-17 03:31:21,861 INFO satori.laser: [MOCK Laser] In mã: 26061600006
2026-06-17 03:31:22,059 INFO satori.laser: [MOCK Laser] In mã: 26061600007
2026-06-17 03:31:22,217 INFO satori.laser: [MOCK Laser] In mã: 26061600008
2026-06-17 03:31:22,409 INFO satori.laser: [MOCK Laser] In mã: 26061600009
2026-06-17 03:31:22,601 INFO satori.laser: [MOCK Laser] In mã: 26061600010
2026-06-17 03:31:22,793 INFO satori.laser: [MOCK Laser] In mã: 26061600011
2026-06-17 03:31:22,998 INFO satori.laser: [MOCK Laser] In mã: 26061600012
2026-06-17 03:31:23,204 INFO satori.laser: [MOCK Laser] In mã: 26061600013
2026-06-17 03:31:23,382 INFO satori.laser: [MOCK Laser] In mã: 26061600014
2026-06-17 03:31:23,606 INFO satori.laser: [MOCK Laser] In mã: 26061600015
2026-06-17 03:31:25,302 INFO satori.iobox: [MOCK IO-Box] ►►► ĐẨY LOẠI CHAI ◄◄◄
2026-06-17 03:31:25,631 INFO satori.iobox: [MOCK IO-Box] ►►► ĐẨY LOẠI CHAI ◄◄◄
2026-06-17 03:31:25,959 INFO satori.iobox: [MOCK IO-Box] ►►► ĐẨY LOẠI CHAI ◄◄◄
2026-06-17 03:31:26,287 INFO satori.iobox: [MOCK IO-Box] ►►► ĐẨY LOẠI CHAI ◄◄◄
2026-06-17 03:31:26,614 INFO satori.iobox: [MOCK IO-Box] ►►► ĐẨY LOẠI CHAI ◄◄◄
2026-06-17 03:31:26,942 INFO satori.iobox: [MOCK IO-Box] ►►► ĐẨY LOẠI CHAI ◄◄◄
2026-06-17 03:31:27,269 INFO satori.iobox: [MOCK IO-Box] ►►► ĐẨY LOẠI CHAI ◄◄◄
2026-06-17 03:31:27,599 INFO satori.iobox: [MOCK IO-Box] ►►► ĐẨY LOẠI CHAI ◄◄◄
2026-06-17 03:31:27,915 INFO satori.iobox: [MOCK IO-Box] ►►► ĐẨY LOẠI CHAI ◄◄◄
2026-06-17 03:31:28,241 INFO satori.iobox: [MOCK IO-Box] ►►► ĐẨY LOẠI CHAI ◄◄◄
INFO:     connection closed
INFO:     127.0.0.1:64260 - "WebSocket /ws" [accepted]
INFO:     connection open
INFO:     connection closed
INFO:     127.0.0.1:56552 - "WebSocket /ws" [accepted]
INFO:     connection open
INFO:     connection closed
INFO:     127.0.0.1:50260 - "WebSocket /ws" [accepted]
INFO:     connection open
INFO:     connection closed
INFO:     127.0.0.1:64904 - "WebSocket /ws" [accepted]
INFO:     connection open
INFO:     connection closed
INFO:     127.0.0.1:63636 - "WebSocket /ws" [accepted]
INFO:     connection open
INFO:     connection closed
INFO:     127.0.0.1:60748 - "WebSocket /ws" [accepted]
INFO:     connection open
INFO:     connection closed
2026-06-17 07:10:34,759 ERROR asyncio: Exception in callback _ProactorBasePipeTransport._call_connection_lost(None)
handle: <Handle _ProactorBasePipeTransport._call_connection_lost(None)>
Traceback (most recent call last):
  File "C:\Users\Admin\AppData\Local\Programs\Python\Python312\Lib\asyncio\events.py", line 88, in _run
    self._context.run(self._callback, *self._args)
  File "C:\Users\Admin\AppData\Local\Programs\Python\Python312\Lib\asyncio\proactor_events.py", line 165, in _call_connection_lost
    self._sock.shutdown(socket.SHUT_RDWR)
ConnectionResetError: [WinError 10054] An existing connection was forcibly closed by the remote host
INFO:     127.0.0.1:52471 - "WebSocket /ws" [accepted]
INFO:     connection open
